;;; 
Export: Release 12.1.0.2.0 - Production on Sat Feb 29 13:21:34 2020

Copyright (c) 1982, 2014, Oracle and/or its affiliates.  All rights reserved.
;;; 
Connected to: Oracle Database 12c Enterprise Edition Release 12.1.0.2.0 - 64bit Production
With the Partitioning, OLAP, Advanced Analytics and Real Application Testing options
Starting "HIBERNATEDB"."SYS_EXPORT_SCHEMA_01":  HibernateDb/********@ORACLE12 DUMPFILE=SpringDb.dmp LOGFILE=SpringDb.log DIRECTORY=datapump CONTENT=ALL 
Estimate in progress using BLOCKS method...
Processing object type SCHEMA_EXPORT/TABLE/TABLE_DATA
Total estimation using BLOCKS method: 512 KB
Processing object type SCHEMA_EXPORT/USER
Processing object type SCHEMA_EXPORT/SYSTEM_GRANT
Processing object type SCHEMA_EXPORT/ROLE_GRANT
Processing object type SCHEMA_EXPORT/DEFAULT_ROLE
Processing object type SCHEMA_EXPORT/TABLESPACE_QUOTA
Processing object type SCHEMA_EXPORT/PRE_SCHEMA/PROCACT_SCHEMA
Processing object type SCHEMA_EXPORT/TABLE/TABLE
Processing object type SCHEMA_EXPORT/TABLE/COMMENT
Processing object type SCHEMA_EXPORT/TABLE/IDENTITY_COLUMN
Processing object type SCHEMA_EXPORT/TABLE/INDEX/INDEX
Processing object type SCHEMA_EXPORT/TABLE/CONSTRAINT/CONSTRAINT
Processing object type SCHEMA_EXPORT/TABLE/INDEX/STATISTICS/INDEX_STATISTICS
Processing object type SCHEMA_EXPORT/TABLE/CONSTRAINT/REF_CONSTRAINT
Processing object type SCHEMA_EXPORT/TABLE/STATISTICS/TABLE_STATISTICS
Processing object type SCHEMA_EXPORT/STATISTICS/MARKER
. . exported "HIBERNATEDB"."AUTHORITIES"                 5.609 KB       5 rows
. . exported "HIBERNATEDB"."COURSE"                      6.015 KB       3 rows
. . exported "HIBERNATEDB"."COURSE_STUDENT"              5.539 KB       2 rows
. . exported "HIBERNATEDB"."CUSTOMER"                    6.515 KB       5 rows
. . exported "HIBERNATEDB"."INSTRUCTOR"                  6.859 KB       2 rows
. . exported "HIBERNATEDB"."INSTRUCTOR_DETAIL"           5.968 KB       1 rows
. . exported "HIBERNATEDB"."STUDENT"                     6.835 KB       2 rows
. . exported "HIBERNATEDB"."USERS"                       6.164 KB       3 rows
Master table "HIBERNATEDB"."SYS_EXPORT_SCHEMA_01" successfully loaded/unloaded
******************************************************************************
Dump file set for HIBERNATEDB.SYS_EXPORT_SCHEMA_01 is:
  F:\SCRIPTS\SPRINGDB.DMP
Job "HIBERNATEDB"."SYS_EXPORT_SCHEMA_01" successfully completed at Sat Feb 29 13:22:34 2020 elapsed 0 00:00:54
